<?xml version="1.0" encoding="UTF-8"?>
<!-- Generated by org.testng.reporters.JUnitXMLReporter -->
<testsuite hostname="k45vm" name="Default test" tests="11" failures="0" timestamp="11 Dec 2016 20:57:26 GMT" time="0.094" errors="0">
  <testcase name="testBytesNeeded" time="0.021" classname="org.circuit.util.TestByteUtils"/>
  <testcase name="testBytesNeeded" time="0.002" classname="org.circuit.util.TestByteUtils"/>
  <testcase name="testBytesNeeded" time="0.001" classname="org.circuit.util.TestByteUtils"/>
  <testcase name="testBytesNeeded" time="0.001" classname="org.circuit.util.TestByteUtils"/>
  <testcase name="testBytesNeeded" time="0.002" classname="org.circuit.util.TestByteUtils"/>
  <testcase name="testBytesNeeded" time="0.002" classname="org.circuit.util.TestByteUtils"/>
  <testcase name="testBytesNeeded" time="0.006" classname="org.circuit.util.TestByteUtils"/>
  <testcase name="testBytesNeeded" time="0.003" classname="org.circuit.util.TestByteUtils"/>
  <testcase name="testBytesNeeded" time="0.002" classname="org.circuit.util.TestByteUtils"/>
  <testcase name="testBytesNeeded" time="0.002" classname="org.circuit.util.TestByteUtils"/>
  <testcase name="testBytesNeeded" time="0.002" classname="org.circuit.util.TestByteUtils"/>
</testsuite> <!-- Default test -->
