<?xml version="1.0" encoding="UTF-8"?>
<testng-results skipped="0" failed="0" total="11" passed="11">
  <reporter-output>
  </reporter-output>
  <suite name="Default suite" duration-ms="94" started-at="2016-12-11T21:57:26Z" finished-at="2016-12-11T21:57:26Z">
    <groups>
    </groups>
    <test name="Default test" duration-ms="94" started-at="2016-12-11T21:57:26Z" finished-at="2016-12-11T21:57:26Z">
      <class name="org.circuit.util.TestByteUtils">
        <test-method status="PASS" signature="testBytesNeeded(java.lang.Integer, java.lang.Integer)[pri:0, instance:org.circuit.util.TestByteUtils@3a03464]" name="testBytesNeeded" duration-ms="21" started-at="2016-12-11T21:57:26Z" finished-at="2016-12-11T21:57:26Z">
          <params>
            <param index="0">
              <value>
                <![CDATA[0]]>
              </value>
            </param>
            <param index="1">
              <value>
                <![CDATA[1]]>
              </value>
            </param>
          </params>
        </test-method> <!-- testBytesNeeded -->
        <test-method status="PASS" signature="testBytesNeeded(java.lang.Integer, java.lang.Integer)[pri:0, instance:org.circuit.util.TestByteUtils@3a03464]" name="testBytesNeeded" duration-ms="2" started-at="2016-12-11T21:57:26Z" finished-at="2016-12-11T21:57:26Z">
          <params>
            <param index="0">
              <value>
                <![CDATA[1]]>
              </value>
            </param>
            <param index="1">
              <value>
                <![CDATA[1]]>
              </value>
            </param>
          </params>
        </test-method> <!-- testBytesNeeded -->
        <test-method status="PASS" signature="testBytesNeeded(java.lang.Integer, java.lang.Integer)[pri:0, instance:org.circuit.util.TestByteUtils@3a03464]" name="testBytesNeeded" duration-ms="1" started-at="2016-12-11T21:57:26Z" finished-at="2016-12-11T21:57:26Z">
          <params>
            <param index="0">
              <value>
                <![CDATA[10]]>
              </value>
            </param>
            <param index="1">
              <value>
                <![CDATA[1]]>
              </value>
            </param>
          </params>
        </test-method> <!-- testBytesNeeded -->
        <test-method status="PASS" signature="testBytesNeeded(java.lang.Integer, java.lang.Integer)[pri:0, instance:org.circuit.util.TestByteUtils@3a03464]" name="testBytesNeeded" duration-ms="1" started-at="2016-12-11T21:57:26Z" finished-at="2016-12-11T21:57:26Z">
          <params>
            <param index="0">
              <value>
                <![CDATA[100]]>
              </value>
            </param>
            <param index="1">
              <value>
                <![CDATA[1]]>
              </value>
            </param>
          </params>
        </test-method> <!-- testBytesNeeded -->
        <test-method status="PASS" signature="testBytesNeeded(java.lang.Integer, java.lang.Integer)[pri:0, instance:org.circuit.util.TestByteUtils@3a03464]" name="testBytesNeeded" duration-ms="2" started-at="2016-12-11T21:57:26Z" finished-at="2016-12-11T21:57:26Z">
          <params>
            <param index="0">
              <value>
                <![CDATA[255]]>
              </value>
            </param>
            <param index="1">
              <value>
                <![CDATA[1]]>
              </value>
            </param>
          </params>
        </test-method> <!-- testBytesNeeded -->
        <test-method status="PASS" signature="testBytesNeeded(java.lang.Integer, java.lang.Integer)[pri:0, instance:org.circuit.util.TestByteUtils@3a03464]" name="testBytesNeeded" duration-ms="2" started-at="2016-12-11T21:57:26Z" finished-at="2016-12-11T21:57:26Z">
          <params>
            <param index="0">
              <value>
                <![CDATA[256]]>
              </value>
            </param>
            <param index="1">
              <value>
                <![CDATA[2]]>
              </value>
            </param>
          </params>
        </test-method> <!-- testBytesNeeded -->
        <test-method status="PASS" signature="testBytesNeeded(java.lang.Integer, java.lang.Integer)[pri:0, instance:org.circuit.util.TestByteUtils@3a03464]" name="testBytesNeeded" duration-ms="6" started-at="2016-12-11T21:57:26Z" finished-at="2016-12-11T21:57:26Z">
          <params>
            <param index="0">
              <value>
                <![CDATA[257]]>
              </value>
            </param>
            <param index="1">
              <value>
                <![CDATA[2]]>
              </value>
            </param>
          </params>
        </test-method> <!-- testBytesNeeded -->
        <test-method status="PASS" signature="testBytesNeeded(java.lang.Integer, java.lang.Integer)[pri:0, instance:org.circuit.util.TestByteUtils@3a03464]" name="testBytesNeeded" duration-ms="3" started-at="2016-12-11T21:57:26Z" finished-at="2016-12-11T21:57:26Z">
          <params>
            <param index="0">
              <value>
                <![CDATA[65535]]>
              </value>
            </param>
            <param index="1">
              <value>
                <![CDATA[2]]>
              </value>
            </param>
          </params>
        </test-method> <!-- testBytesNeeded -->
        <test-method status="PASS" signature="testBytesNeeded(java.lang.Integer, java.lang.Integer)[pri:0, instance:org.circuit.util.TestByteUtils@3a03464]" name="testBytesNeeded" duration-ms="2" started-at="2016-12-11T21:57:26Z" finished-at="2016-12-11T21:57:26Z">
          <params>
            <param index="0">
              <value>
                <![CDATA[65536]]>
              </value>
            </param>
            <param index="1">
              <value>
                <![CDATA[3]]>
              </value>
            </param>
          </params>
        </test-method> <!-- testBytesNeeded -->
        <test-method status="PASS" signature="testBytesNeeded(java.lang.Integer, java.lang.Integer)[pri:0, instance:org.circuit.util.TestByteUtils@3a03464]" name="testBytesNeeded" duration-ms="2" started-at="2016-12-11T21:57:26Z" finished-at="2016-12-11T21:57:26Z">
          <params>
            <param index="0">
              <value>
                <![CDATA[16777215]]>
              </value>
            </param>
            <param index="1">
              <value>
                <![CDATA[3]]>
              </value>
            </param>
          </params>
        </test-method> <!-- testBytesNeeded -->
        <test-method status="PASS" signature="testBytesNeeded(java.lang.Integer, java.lang.Integer)[pri:0, instance:org.circuit.util.TestByteUtils@3a03464]" name="testBytesNeeded" duration-ms="2" started-at="2016-12-11T21:57:26Z" finished-at="2016-12-11T21:57:26Z">
          <params>
            <param index="0">
              <value>
                <![CDATA[16777216]]>
              </value>
            </param>
            <param index="1">
              <value>
                <![CDATA[4]]>
              </value>
            </param>
          </params>
        </test-method> <!-- testBytesNeeded -->
      </class> <!-- org.circuit.util.TestByteUtils -->
    </test> <!-- Default test -->
  </suite> <!-- Default suite -->
</testng-results>
